#
# There is insufficient memory for the Java Runtime Environment to continue.
# Native memory allocation (mmap) failed to map 156762112 bytes for committing reserved memory.
# Possible reasons:
#   The system is out of physical RAM or swap space
#   In 32 bit mode, the process size limit was hit
# Possible solutions:
#   Reduce memory load on the system
#   Increase physical memory or swap space
#   Check if swap backing store is full
#   Use 64 bit Java on a 64 bit OS
#   Decrease Java heap size (-Xmx/-Xms)
#   Decrease number of Java threads
#   Decrease Java thread stack sizes (-Xss)
#   Set larger code cache with -XX:ReservedCodeCacheSize=
# This output file may be truncated or incomplete.
#
#  Out of Memory Error (os_linux.cpp:2627), pid=17466, tid=140072245483264
#
# JRE version: Java(TM) SE Runtime Environment (8.0_60-b27) (build 1.8.0_60-b27)
# Java VM: Java HotSpot(TM) 64-Bit Server VM (25.60-b23 mixed mode linux-amd64 compressed oops)
# Failed to write core dump. Core dumps have been disabled. To enable core dumping, try "ulimit -c unlimited" before starting Java again
#

---------------  T H R E A D  ---------------

Current thread (0x00007f6530078800):  VMThread [stack: 0x00007f651c5f5000,0x00007f651c6f6000] [id=17478]

Stack: [0x00007f651c5f5000,0x00007f651c6f6000],  sp=0x00007f651c6f4060,  free space=1020k
Native frames: (J=compiled Java code, j=interpreted, Vv=VM code, C=native code)
V  [libjvm.so+0xab97ea]  VMError::report_and_die()+0x2ba
V  [libjvm.so+0x4f9dab]  report_vm_out_of_memory(char const*, int, unsigned long, VMErrorType, char const*)+0x8b
V  [libjvm.so+0x91a7c3]  os::Linux::commit_memory_impl(char*, unsigned long, bool)+0x103
V  [libjvm.so+0x91ad19]  os::pd_commit_memory(char*, unsigned long, unsigned long, bool)+0x29
V  [libjvm.so+0x91502a]  os::commit_memory(char*, unsigned long, unsigned long, bool)+0x2a
V  [libjvm.so+0x9886d3]  PSVirtualSpace::expand_by(unsigned long)+0x53
V  [libjvm.so+0x978fc0]  PSOldGen::expand(unsigned long)+0x170
V  [libjvm.so+0x9791cb]  PSOldGen::resize(unsigned long)+0x1cb
V  [libjvm.so+0x980ea1]  PSParallelCompact::invoke_no_policy(bool)+0x991
V  [libjvm.so+0x9867fd]  PSScavenge::invoke()+0x1ad
V  [libjvm.so+0x93e430]  ParallelScavengeHeap::failed_mem_allocate(unsigned long)+0x70
V  [libjvm.so+0xabb207]  VM_ParallelGCFailedAllocation::doit()+0x97
V  [libjvm.so+0xac2c35]  VM_Operation::evaluate()+0x55
V  [libjvm.so+0xac100a]  VMThread::evaluate_operation(VM_Operation*)+0xba
V  [libjvm.so+0xac138e]  VMThread::loop()+0x1ce
V  [libjvm.so+0xac1800]  VMThread::run()+0x70
V  [libjvm.so+0x91cb88]  java_start(Thread*)+0x108

VM_Operation (0x00007f6536b9cd80): ParallelGCFailedAllocation, mode: safepoint, requested by thread 0x00007f653000a800


---------------  P R O C E S S  ---------------

Java Threads: ( => current thread )
  0x00007f6530143000 JavaThread "Monitor Ctrl-Break" daemon [_thread_in_native, id=17496, stack(0x00007f64ff1e7000,0x00007f64ff2e8000)]
  0x00007f65300c3800 JavaThread "Service Thread" daemon [_thread_blocked, id=17493, stack(0x00007f64ff5eb000,0x00007f64ff6ec000)]
  0x00007f65300be800 JavaThread "C1 CompilerThread2" daemon [_thread_blocked, id=17491, stack(0x00007f64ff6ec000,0x00007f64ff7ed000)]
  0x00007f65300bd000 JavaThread "C2 CompilerThread1" daemon [_thread_blocked, id=17490, stack(0x00007f651c0f0000,0x00007f651c1f1000)]
  0x00007f65300ba000 JavaThread "C2 CompilerThread0" daemon [_thread_blocked, id=17488, stack(0x00007f651c1f1000,0x00007f651c2f2000)]
  0x00007f65300b8800 JavaThread "Signal Dispatcher" daemon [_thread_blocked, id=17487, stack(0x00007f651c2f2000,0x00007f651c3f3000)]
  0x00007f653007f800 JavaThread "Finalizer" daemon [_thread_blocked, id=17483, stack(0x00007f651c3f3000,0x00007f651c4f4000)]
  0x00007f653007d800 JavaThread "Reference Handler" daemon [_thread_blocked, id=17480, stack(0x00007f651c4f4000,0x00007f651c5f5000)]
  0x00007f653000a800 JavaThread "main" [_thread_blocked, id=17468, stack(0x00007f6536a9e000,0x00007f6536b9f000)]

Other Threads:
=>0x00007f6530078800 VMThread [stack: 0x00007f651c5f5000,0x00007f651c6f6000] [id=17478]
  0x00007f65300c6800 WatcherThread [stack: 0x00007f64ff4ea000,0x00007f64ff5eb000] [id=17494]

VM state:at safepoint (normal execution)

VM Mutex/Monitor currently owned by a thread:  ([mutex/lock_event])
[0x00007f65300064a0] ExpandHeap_lock - owner thread: 0x00007f6530078800
[0x00007f6530006b20] Threads_lock - owner thread: 0x00007f6530078800
[0x00007f6530007020] Heap_lock - owner thread: 0x00007f653000a800

Heap:
 PSYoungGen      total 220672K, used 27932K [0x00000000ebd00000, 0x0000000100000000, 0x0000000100000000)
  eden space 110592K, 0% used [0x00000000ebd00000,0x00000000ebd00000,0x00000000f2900000)
  from space 110080K, 25% used [0x00000000f9480000,0x00000000fafc70f8,0x0000000100000000)
  to   space 110080K, 0% used [0x00000000f2900000,0x00000000f2900000,0x00000000f9480000)
 ParOldGen       total 509440K, used 508943K [0x00000000c3600000, 0x00000000e2780000, 0x00000000ebd00000)
  object space 509440K, 99% used [0x00000000c3600000,0x00000000e2703e10,0x00000000e2780000)
 Metaspace       used 3980K, capacity 4636K, committed 4864K, reserved 1056768K
  class space    used 438K, capacity 460K, committed 512K, reserved 1048576K

Card table byte_map: [0x00007f6520633000,0x00007f6520819000] byte_map_base: 0x00007f6520018000

Marking Bits: (ParMarkBitMap*) 0x00007f6535f7ade0
 Begin Bits: [0x00007f651e29b000, 0x00007f651f1c3000)
 End Bits:   [0x00007f651f1c3000, 0x00007f65200eb000)

Polling page: 0x00007f6536bc2000

CodeCache: size=245760Kb used=2904Kb max_used=2932Kb free=242855Kb
 bounds [0x00007f6520bd9000, 0x00007f6520ec9000, 0x00007f652fbd9000]
 total_blobs=696 nmethods=438 adapters=172
 compilation: enabled

Compilation events (10 events):
Event: 21,264 Thread 0x00007f65300be800  439       3       java.nio.CharBuffer::array (35 bytes)
Event: 21,265 Thread 0x00007f65300be800 nmethod 439 0x00007f6520e95a10 code [0x00007f6520e95ba0, 0x00007f6520e95e58]
Event: 23,480 Thread 0x00007f65300be800  440       3       sun.nio.cs.UTF_8::access$200 (8 bytes)
Event: 23,481 Thread 0x00007f65300be800 nmethod 440 0x00007f6520e951d0 code [0x00007f6520e95380, 0x00007f6520e95818]
Event: 23,481 Thread 0x00007f65300be800  441       3       sun.nio.cs.UTF_8::updatePositions (23 bytes)
Event: 23,482 Thread 0x00007f65300be800 nmethod 441 0x00007f6520e94a90 code [0x00007f6520e94c20, 0x00007f6520e95058]
Event: 25,684 Thread 0x00007f65300be800  442 %     3       Separator::buildModel @ 55 (268 bytes)
Event: 25,689 Thread 0x00007f65300be800 nmethod 442% 0x00007f6520ea7790 code [0x00007f6520ea7dc0, 0x00007f6520eab538]
Event: 26,265 Thread 0x00007f65300ba000  443 %     4       Separator::buildModel @ 55 (268 bytes)
Event: 26,538 Thread 0x00007f65300ba000 nmethod 443% 0x00007f6520eb4510 code [0x00007f6520eb4a80, 0x00007f6520eb8d58]

GC Heap History (10 events):
Event: 25,808 GC heap after
Heap after GC invocations=43 (full 5):
 PSYoungGen      total 218624K, used 43648K [0x00000000ebd00000, 0x00000000ff180000, 0x0000000100000000)
  eden space 121344K, 0% used [0x00000000ebd00000,0x00000000ebd00000,0x00000000f3380000)
  from space 97280K, 44% used [0x00000000f8f80000,0x00000000fba20000,0x00000000fee80000)
  to   space 94208K, 0% used [0x00000000f3380000,0x00000000f3380000,0x00000000f8f80000)
 ParOldGen       total 509440K, used 437254K [0x00000000c3600000, 0x00000000e2780000, 0x00000000ebd00000)
  object space 509440K, 85% used [0x00000000c3600000,0x00000000de101b98,0x00000000e2780000)
 Metaspace       used 3980K, capacity 4636K, committed 4864K, reserved 1056768K
  class space    used 438K, capacity 460K, committed 512K, reserved 1048576K
}
Event: 26,069 GC heap before
{Heap before GC invocations=44 (full 5):
 PSYoungGen      total 218624K, used 164992K [0x00000000ebd00000, 0x00000000ff180000, 0x0000000100000000)
  eden space 121344K, 100% used [0x00000000ebd00000,0x00000000f3380000,0x00000000f3380000)
  from space 97280K, 44% used [0x00000000f8f80000,0x00000000fba20000,0x00000000fee80000)
  to   space 94208K, 0% used [0x00000000f3380000,0x00000000f3380000,0x00000000f8f80000)
 ParOldGen       total 509440K, used 437254K [0x00000000c3600000, 0x00000000e2780000, 0x00000000ebd00000)
  object space 509440K, 85% used [0x00000000c3600000,0x00000000de101b98,0x00000000e2780000)
 Metaspace       used 3980K, capacity 4636K, committed 4864K, reserved 1056768K
  class space    used 438K, capacity 460K, committed 512K, reserved 1048576K
Event: 26,239 GC heap after
Heap after GC invocations=44 (full 5):
 PSYoungGen      total 215552K, used 84416K [0x00000000ebd00000, 0x0000000100000000, 0x0000000100000000)
  eden space 121344K, 0% used [0x00000000ebd00000,0x00000000ebd00000,0x00000000f3380000)
  from space 94208K, 89% used [0x00000000f3380000,0x00000000f85f0020,0x00000000f8f80000)
  to   space 106496K, 0% used [0x00000000f9800000,0x00000000f9800000,0x0000000100000000)
 ParOldGen       total 509440K, used 437254K [0x00000000c3600000, 0x00000000e2780000, 0x00000000ebd00000)
  object space 509440K, 85% used [0x00000000c3600000,0x00000000de101b98,0x00000000e2780000)
 Metaspace       used 3980K, capacity 4636K, committed 4864K, reserved 1056768K
  class space    used 438K, capacity 460K, committed 512K, reserved 1048576K
}
Event: 26,382 GC heap before
{Heap before GC invocations=45 (full 5):
 PSYoungGen      total 215552K, used 205760K [0x00000000ebd00000, 0x0000000100000000, 0x0000000100000000)
  eden space 121344K, 100% used [0x00000000ebd00000,0x00000000f3380000,0x00000000f3380000)
  from space 94208K, 89% used [0x00000000f3380000,0x00000000f85f0020,0x00000000f8f80000)
  to   space 106496K, 0% used [0x00000000f9800000,0x00000000f9800000,0x0000000100000000)
 ParOldGen       total 509440K, used 437254K [0x00000000c3600000, 0x00000000e2780000, 0x00000000ebd00000)
  object space 509440K, 85% used [0x00000000c3600000,0x00000000de101b98,0x00000000e2780000)
 Metaspace       used 3980K, capacity 4636K, committed 4864K, reserved 1056768K
  class space    used 438K, capacity 460K, committed 512K, reserved 1048576K
Event: 26,533 GC heap after
Heap after GC invocations=45 (full 5):
 PSYoungGen      total 217088K, used 95168K [0x00000000ebd00000, 0x0000000100000000, 0x0000000100000000)
  eden space 110592K, 0% used [0x00000000ebd00000,0x00000000ebd00000,0x00000000f2900000)
  from space 106496K, 89% used [0x00000000f9800000,0x00000000ff4f0020,0x0000000100000000)
  to   space 110080K, 0% used [0x00000000f2900000,0x00000000f2900000,0x00000000f9480000)
 ParOldGen       total 509440K, used 437254K [0x00000000c3600000, 0x00000000e2780000, 0x00000000ebd00000)
  object space 509440K, 85% used [0x00000000c3600000,0x00000000de101b98,0x00000000e2780000)
 Metaspace       used 3980K, capacity 4636K, committed 4864K, reserved 1056768K
  class space    used 438K, capacity 460K, committed 512K, reserved 1048576K
}
Event: 26,657 GC heap before
{Heap before GC invocations=46 (full 5):
 PSYoungGen      total 217088K, used 205760K [0x00000000ebd00000, 0x0000000100000000, 0x0000000100000000)
  eden space 110592K, 100% used [0x00000000ebd00000,0x00000000f2900000,0x00000000f2900000)
  from space 106496K, 89% used [0x00000000f9800000,0x00000000ff4f0020,0x0000000100000000)
  to   space 110080K, 0% used [0x00000000f2900000,0x00000000f2900000,0x00000000f9480000)
 ParOldGen       total 509440K, used 437254K [0x00000000c3600000, 0x00000000e2780000, 0x00000000ebd00000)
  object space 509440K, 85% used [0x00000000c3600000,0x00000000de101b98,0x00000000e2780000)
 Metaspace       used 3980K, capacity 4636K, committed 4864K, reserved 1056768K
  class space    used 438K, capacity 460K, committed 512K, reserved 1048576K
Event: 26,828 GC heap after
Heap after GC invocations=46 (full 5):
 PSYoungGen      total 220672K, used 84224K [0x00000000ebd00000, 0x0000000100000000, 0x0000000100000000)
  eden space 110592K, 0% used [0x00000000ebd00000,0x00000000ebd00000,0x00000000f2900000)
  from space 110080K, 76% used [0x00000000f2900000,0x00000000f7b40020,0x00000000f9480000)
  to   space 110080K, 0% used [0x00000000f9480000,0x00000000f9480000,0x0000000100000000)
 ParOldGen       total 509440K, used 459110K [0x00000000c3600000, 0x00000000e2780000, 0x00000000ebd00000)
  object space 509440K, 90% used [0x00000000c3600000,0x00000000df659b98,0x00000000e2780000)
 Metaspace       used 3980K, capacity 4636K, committed 4864K, reserved 1056768K
  class space    used 438K, capacity 460K, committed 512K, reserved 1048576K
}
Event: 26,949 GC heap before
{Heap before GC invocations=47 (full 5):
 PSYoungGen      total 220672K, used 194816K [0x00000000ebd00000, 0x0000000100000000, 0x0000000100000000)
  eden space 110592K, 100% used [0x00000000ebd00000,0x00000000f2900000,0x00000000f2900000)
  from space 110080K, 76% used [0x00000000f2900000,0x00000000f7b40020,0x00000000f9480000)
  to   space 110080K, 0% used [0x00000000f9480000,0x00000000f9480000,0x0000000100000000)
 ParOldGen       total 509440K, used 459110K [0x00000000c3600000, 0x00000000e2780000, 0x00000000ebd00000)
  object space 509440K, 90% used [0x00000000c3600000,0x00000000df659b98,0x00000000e2780000)
 Metaspace       used 3980K, capacity 4636K, committed 4864K, reserved 1056768K
  class space    used 438K, capacity 460K, committed 512K, reserved 1048576K
Event: 27,133 GC heap after
Heap after GC invocations=47 (full 5):
 PSYoungGen      total 220672K, used 73088K [0x00000000ebd00000, 0x0000000100000000, 0x0000000100000000)
  eden space 110592K, 0% used [0x00000000ebd00000,0x00000000ebd00000,0x00000000f2900000)
  from space 110080K, 66% used [0x00000000f9480000,0x00000000fdbe0020,0x0000000100000000)
  to   space 110080K, 0% used [0x00000000f2900000,0x00000000f2900000,0x00000000f9480000)
 ParOldGen       total 509440K, used 480998K [0x00000000c3600000, 0x00000000e2780000, 0x00000000ebd00000)
  object space 509440K, 94% used [0x00000000c3600000,0x00000000e0bb9b98,0x00000000e2780000)
 Metaspace       used 3980K, capacity 4636K, committed 4864K, reserved 1056768K
  class space    used 438K, capacity 460K, committed 512K, reserved 1048576K
}
Event: 27,133 GC heap before
{Heap before GC invocations=48 (full 6):
 PSYoungGen      total 220672K, used 73088K [0x00000000ebd00000, 0x0000000100000000, 0x0000000100000000)
  eden space 110592K, 0% used [0x00000000ebd00000,0x00000000ebd00000,0x00000000f2900000)
  from space 110080K, 66% used [0x00000000f9480000,0x00000000fdbe0020,0x0000000100000000)
  to   space 110080K, 0% used [0x00000000f2900000,0x00000000f2900000,0x00000000f9480000)
 ParOldGen       total 509440K, used 480998K [0x00000000c3600000, 0x00000000e2780000, 0x00000000ebd00000)
  object space 509440K, 94% used [0x00000000c3600000,0x00000000e0bb9b98,0x00000000e2780000)
 Metaspace       used 3980K, capacity 4636K, committed 4864K, reserved 1056768K
  class space    used 438K, capacity 460K, committed 512K, reserved 1048576K

Deoptimization events (10 events):
Event: 2,157 Thread 0x00007f653000a800 Uncommon trap: reason=unstable_if action=reinterpret pc=0x00007f6520dc2020 method=java.util.HashMap.putVal(ILjava/lang/Object;Ljava/lang/Object;ZZ)Ljava/lang/Object; @ 94
Event: 2,594 Thread 0x00007f653000a800 Uncommon trap: reason=unstable_if action=reinterpret pc=0x00007f6520e0eafc method=java.util.HashMap.getNode(ILjava/lang/Object;)Ljava/util/HashMap$Node; @ 129
Event: 2,747 Thread 0x00007f653000a800 Uncommon trap: reason=unstable_if action=reinterpret pc=0x00007f6520e2047c method=java.util.HashMap.putVal(ILjava/lang/Object;Ljava/lang/Object;ZZ)Ljava/lang/Object; @ 206
Event: 3,424 Thread 0x00007f653000a800 Uncommon trap: reason=unstable_if action=reinterpret pc=0x00007f6520e2b79c method=java.util.HashMap.putVal(ILjava/lang/Object;Ljava/lang/Object;ZZ)Ljava/lang/Object; @ 206
Event: 3,443 Thread 0x00007f653000a800 Uncommon trap: reason=unstable_if action=reinterpret pc=0x00007f6520e24eb4 method=java.util.HashMap.putVal(ILjava/lang/Object;Ljava/lang/Object;ZZ)Ljava/lang/Object; @ 162
Event: 3,565 Thread 0x00007f653000a800 Uncommon trap: reason=unstable_if action=reinterpret pc=0x00007f6520deb7f8 method=java.util.HashMap.resize()[Ljava/util/HashMap$Node; @ 206
Event: 3,575 Thread 0x00007f653000a800 Uncommon trap: reason=unstable_if action=reinterpret pc=0x00007f6520e2463c method=java.util.HashMap.resize()[Ljava/util/HashMap$Node; @ 206
Event: 6,774 Thread 0x00007f653000a800 Uncommon trap: reason=unstable_if action=reinterpret pc=0x00007f6520ded828 method=sun.nio.cs.UTF_8$Decoder.decodeArrayLoop(Ljava/nio/ByteBuffer;Ljava/nio/CharBuffer;)Ljava/nio/charset/CoderResult; @ 77
Event: 7,203 Thread 0x00007f653000a800 Uncommon trap: reason=unstable_if action=reinterpret pc=0x00007f6520e7ad6c method=sun.nio.cs.UTF_8$Decoder.decodeArrayLoop(Ljava/nio/ByteBuffer;Ljava/nio/CharBuffer;)Ljava/nio/charset/CoderResult; @ 167
Event: 25,680 Thread 0x00007f653000a800 Uncommon trap: reason=unstable_if action=reinterpret pc=0x00007f6520e4de8c method=java.util.HashMap.putVal(ILjava/lang/Object;Ljava/lang/Object;ZZ)Ljava/lang/Object; @ 162

Internal exceptions (10 events):
Event: 0,268 Thread 0x00007f653000a800 Exception <a 'java/lang/NoSuchMethodError': Method sun.misc.Unsafe.defineClass(Ljava/lang/String;[BII)Ljava/lang/Class; name or signature does not match> (0x00000000ebd12b98) thrown at [/HUDSON/workspace/8-2-build-linux-amd64/jdk8u60/4407/hotspot/src/shar
Event: 0,268 Thread 0x00007f653000a800 Exception <a 'java/lang/NoSuchMethodError': Method sun.misc.Unsafe.prefetchRead(Ljava/lang/Object;J)V name or signature does not match> (0x00000000ebd12e80) thrown at [/HUDSON/workspace/8-2-build-linux-amd64/jdk8u60/4407/hotspot/src/share/vm/prims/jni.cpp
Event: 1,283 Thread 0x00007f653000a800 Exception <a 'java/security/PrivilegedActionException'> (0x00000000ebdd5d18) thrown at [/HUDSON/workspace/8-2-build-linux-amd64/jdk8u60/4407/hotspot/src/share/vm/prims/jvm.cpp, line 1386]
Event: 1,283 Thread 0x00007f653000a800 Exception <a 'java/security/PrivilegedActionException'> (0x00000000ebdd5f28) thrown at [/HUDSON/workspace/8-2-build-linux-amd64/jdk8u60/4407/hotspot/src/share/vm/prims/jvm.cpp, line 1386]
Event: 1,284 Thread 0x00007f653000a800 Exception <a 'java/security/PrivilegedActionException'> (0x00000000ebdd6c60) thrown at [/HUDSON/workspace/8-2-build-linux-amd64/jdk8u60/4407/hotspot/src/share/vm/prims/jvm.cpp, line 1386]
Event: 1,284 Thread 0x00007f653000a800 Exception <a 'java/security/PrivilegedActionException'> (0x00000000ebdd6e70) thrown at [/HUDSON/workspace/8-2-build-linux-amd64/jdk8u60/4407/hotspot/src/share/vm/prims/jvm.cpp, line 1386]
Event: 1,385 Thread 0x00007f653000a800 Exception <a 'java/security/PrivilegedActionException'> (0x00000000ebec4458) thrown at [/HUDSON/workspace/8-2-build-linux-amd64/jdk8u60/4407/hotspot/src/share/vm/prims/jvm.cpp, line 1386]
Event: 1,385 Thread 0x00007f653000a800 Exception <a 'java/security/PrivilegedActionException'> (0x00000000ebec4850) thrown at [/HUDSON/workspace/8-2-build-linux-amd64/jdk8u60/4407/hotspot/src/share/vm/prims/jvm.cpp, line 1386]
Event: 1,385 Thread 0x00007f653000a800 Exception <a 'java/security/PrivilegedActionException'> (0x00000000ebec7060) thrown at [/HUDSON/workspace/8-2-build-linux-amd64/jdk8u60/4407/hotspot/src/share/vm/prims/jvm.cpp, line 1386]
Event: 1,385 Thread 0x00007f653000a800 Exception <a 'java/security/PrivilegedActionException'> (0x00000000ebec7458) thrown at [/HUDSON/workspace/8-2-build-linux-amd64/jdk8u60/4407/hotspot/src/share/vm/prims/jvm.cpp, line 1386]

Events (10 events):
Event: 25,808 Executing VM operation: ParallelGCFailedAllocation done
Event: 26,069 Executing VM operation: ParallelGCFailedAllocation
Event: 26,239 Executing VM operation: ParallelGCFailedAllocation done
Event: 26,382 Executing VM operation: ParallelGCFailedAllocation
Event: 26,533 Executing VM operation: ParallelGCFailedAllocation done
Event: 26,540 Thread 0x00007f653000a800 DEOPT PACKING pc=0x00007f6520eab048 sp=0x00007f6536b9cdf0
Event: 26,540 Thread 0x00007f653000a800 DEOPT UNPACKING pc=0x00007f6520c20633 sp=0x00007f6536b9ccf0 mode 0
Event: 26,657 Executing VM operation: ParallelGCFailedAllocation
Event: 26,829 Executing VM operation: ParallelGCFailedAllocation done
Event: 26,949 Executing VM operation: ParallelGCFailedAllocation


Dynamic libraries:
00400000-00401000 r-xp 00000000 08:02 199678                             /usr/lib/jvm/java-8-oracle/bin/java
00600000-00601000 rw-p 00000000 08:02 199678                             /usr/lib/jvm/java-8-oracle/bin/java
00cda000-00cfb000 rw-p 00000000 00:00 0                                  [heap]
c3600000-e2780000 rw-p 00000000 00:00 0 
ebd00000-100000000 rw-p 00000000 00:00 0 
100000000-100080000 rw-p 00000000 00:00 0 
100080000-140000000 ---p 00000000 00:00 0 
7f64e0000000-7f64e0021000 rw-p 00000000 00:00 0 
7f64e0021000-7f64e4000000 ---p 00000000 00:00 0 
7f64e4000000-7f64e4021000 rw-p 00000000 00:00 0 
7f64e4021000-7f64e8000000 ---p 00000000 00:00 0 
7f64e8000000-7f64e9477000 rw-p 00000000 00:00 0 
7f64e9477000-7f64ec000000 ---p 00000000 00:00 0 
7f64ec000000-7f64ec021000 rw-p 00000000 00:00 0 
7f64ec021000-7f64f0000000 ---p 00000000 00:00 0 
7f64f0000000-7f64f0bd1000 rw-p 00000000 00:00 0 
7f64f0bd1000-7f64f4000000 ---p 00000000 00:00 0 
7f64f4000000-7f64f451d000 rw-p 00000000 00:00 0 
7f64f451d000-7f64f8000000 ---p 00000000 00:00 0 
7f64f8000000-7f64f8021000 rw-p 00000000 00:00 0 
7f64f8021000-7f64fc000000 ---p 00000000 00:00 0 
7f64fedbf000-7f64fedd0000 r-xp 00000000 08:02 199613                     /usr/lib/jvm/java-8-oracle/jre/lib/amd64/libnio.so
7f64fedd0000-7f64fefcf000 ---p 00011000 08:02 199613                     /usr/lib/jvm/java-8-oracle/jre/lib/amd64/libnio.so
7f64fefcf000-7f64fefd0000 rw-p 00010000 08:02 199613                     /usr/lib/jvm/java-8-oracle/jre/lib/amd64/libnio.so
7f64fefd0000-7f64fefe6000 r-xp 00000000 08:02 199619                     /usr/lib/jvm/java-8-oracle/jre/lib/amd64/libnet.so
7f64fefe6000-7f64ff1e6000 ---p 00016000 08:02 199619                     /usr/lib/jvm/java-8-oracle/jre/lib/amd64/libnet.so
7f64ff1e6000-7f64ff1e7000 rw-p 00016000 08:02 199619                     /usr/lib/jvm/java-8-oracle/jre/lib/amd64/libnet.so
7f64ff1e7000-7f64ff1ea000 ---p 00000000 00:00 0 
7f64ff1ea000-7f64ff2e8000 rw-p 00000000 00:00 0                          [stack:17496]
7f64ff2e8000-7f64ff2e9000 r-xp 00000000 08:02 15740                      /home/boris/Documents/idea-IU-141.1532.4/bin/libbreakgen64.so
7f64ff2e9000-7f64ff4e8000 ---p 00001000 08:02 15740                      /home/boris/Documents/idea-IU-141.1532.4/bin/libbreakgen64.so
7f64ff4e8000-7f64ff4e9000 r--p 00000000 08:02 15740                      /home/boris/Documents/idea-IU-141.1532.4/bin/libbreakgen64.so
7f64ff4e9000-7f64ff4ea000 rw-p 00001000 08:02 15740                      /home/boris/Documents/idea-IU-141.1532.4/bin/libbreakgen64.so
7f64ff4ea000-7f64ff4eb000 ---p 00000000 00:00 0 
7f64ff4eb000-7f64ff5eb000 rw-p 00000000 00:00 0                          [stack:17494]
7f64ff5eb000-7f64ff5ee000 ---p 00000000 00:00 0 
7f64ff5ee000-7f64ff6ec000 rw-p 00000000 00:00 0                          [stack:17493]
7f64ff6ec000-7f64ff6ef000 ---p 00000000 00:00 0 
7f64ff6ef000-7f64ff7ed000 rw-p 00000000 00:00 0                          [stack:17491]
7f64ff7ed000-7f6500000000 r--p 00000000 08:02 151853                     /usr/lib/locale/locale-archive
7f6500000000-7f6500021000 rw-p 00000000 00:00 0 
7f6500021000-7f6504000000 ---p 00000000 00:00 0 
7f6504000000-7f6504021000 rw-p 00000000 00:00 0 
7f6504021000-7f6508000000 ---p 00000000 00:00 0 
7f6508000000-7f6508095000 rw-p 00000000 00:00 0 
7f6508095000-7f650c000000 ---p 00000000 00:00 0 
7f650c000000-7f650c28d000 rw-p 00000000 00:00 0 
7f650c28d000-7f6510000000 ---p 00000000 00:00 0 
7f6510000000-7f65100b1000 rw-p 00000000 00:00 0 
7f65100b1000-7f6514000000 ---p 00000000 00:00 0 
7f6514000000-7f6514057000 rw-p 00000000 00:00 0 
7f6514057000-7f6518000000 ---p 00000000 00:00 0 
7f6518000000-7f651808d000 rw-p 00000000 00:00 0 
7f651808d000-7f651c000000 ---p 00000000 00:00 0 
7f651c071000-7f651c0a2000 rw-p 00000000 00:00 0 
7f651c0a2000-7f651c0a4000 r--s 00016000 08:02 17640                      /home/boris/Documents/idea-IU-141.1532.4/lib/idea_rt.jar
7f651c0a4000-7f651c0a6000 r--s 00010000 08:02 9859954                    /home/boris/.m2/repository/org/htmlparser/htmllexer/2.1/htmllexer-2.1.jar
7f651c0a6000-7f651c0a9000 r--s 0001f000 08:02 9859953                    /home/boris/.m2/repository/org/htmlparser/htmlparser/2.1/htmlparser-2.1.jar
7f651c0a9000-7f651c0af000 r--s 002f8000 08:02 181756                     /usr/lib/jvm/java-8-oracle/jre/lib/charsets.jar
7f651c0af000-7f651c0c2000 r--s 00344000 08:02 181637                     /usr/lib/jvm/java-8-oracle/jre/lib/resources.jar
7f651c0c2000-7f651c0dd000 r--s 001fc000 08:02 179512                     /usr/lib/jvm/java-8-oracle/jre/lib/deploy.jar
7f651c0dd000-7f651c0f0000 r--s 000d5000 08:02 176883                     /usr/lib/jvm/java-8-oracle/jre/lib/plugin.jar
7f651c0f0000-7f651c0f3000 ---p 00000000 00:00 0 
7f651c0f3000-7f651c1f1000 rw-p 00000000 00:00 0                          [stack:17490]
7f651c1f1000-7f651c1f4000 ---p 00000000 00:00 0 
7f651c1f4000-7f651c2f2000 rw-p 00000000 00:00 0                          [stack:17488]
7f651c2f2000-7f651c2f5000 ---p 00000000 00:00 0 
7f651c2f5000-7f651c3f3000 rw-p 00000000 00:00 0                          [stack:17487]
7f651c3f3000-7f651c3f6000 ---p 00000000 00:00 0 
7f651c3f6000-7f651c4f4000 rw-p 00000000 00:00 0                          [stack:17483]
7f651c4f4000-7f651c4f7000 ---p 00000000 00:00 0 
7f651c4f7000-7f651c5f5000 rw-p 00000000 00:00 0                          [stack:17480]
7f651c5f5000-7f651c5f6000 ---p 00000000 00:00 0 
7f651c5f6000-7f651d668000 rw-p 00000000 00:00 0                          [stack:17478]
7f651d668000-7f651d840000 r--s 03d17000 08:02 179711                     /usr/lib/jvm/java-8-oracle/jre/lib/rt.jar
7f651d840000-7f651dcf6000 rw-p 00000000 00:00 0 
7f651dcf6000-7f651e0b6000 ---p 00000000 00:00 0 
7f651e0b6000-7f65200eb000 rw-p 00000000 00:00 0 
7f65200eb000-7f65200ec000 ---p 00000000 00:00 0 
7f65200ec000-7f65201ec000 rw-p 00000000 00:00 0                          [stack:17477]
7f65201ec000-7f65201ed000 ---p 00000000 00:00 0 
7f65201ed000-7f65202ed000 rw-p 00000000 00:00 0                          [stack:17476]
7f65202ed000-7f65202ee000 ---p 00000000 00:00 0 
7f65202ee000-7f65203ee000 rw-p 00000000 00:00 0                          [stack:17473]
7f65203ee000-7f65203ef000 ---p 00000000 00:00 0 
7f65203ef000-7f65205e8000 rw-p 00000000 00:00 0                          [stack:17471]
7f65205e8000-7f6520633000 ---p 00000000 00:00 0 
7f6520633000-7f652072c000 rw-p 00000000 00:00 0 
7f652072c000-7f6520776000 ---p 00000000 00:00 0 
7f6520776000-7f6520818000 rw-p 00000000 00:00 0 
7f6520818000-7f6520825000 rw-p 00000000 00:00 0 
7f6520825000-7f6520bd9000 ---p 00000000 00:00 0 
7f6520bd9000-7f6520ec9000 rwxp 00000000 00:00 0 
7f6520ec9000-7f652fbd9000 ---p 00000000 00:00 0 
7f652fbd9000-7f652fbf3000 r-xp 00000000 08:02 199626                     /usr/lib/jvm/java-8-oracle/jre/lib/amd64/libzip.so
7f652fbf3000-7f652fdf3000 ---p 0001a000 08:02 199626                     /usr/lib/jvm/java-8-oracle/jre/lib/amd64/libzip.so
7f652fdf3000-7f652fdf4000 rw-p 0001a000 08:02 199626                     /usr/lib/jvm/java-8-oracle/jre/lib/amd64/libzip.so
7f652fdf4000-7f652fdff000 r-xp 00000000 08:02 7868582                    /lib/x86_64-linux-gnu/libnss_files-2.19.so
7f652fdff000-7f652fffe000 ---p 0000b000 08:02 7868582                    /lib/x86_64-linux-gnu/libnss_files-2.19.so
7f652fffe000-7f652ffff000 r--p 0000a000 08:02 7868582                    /lib/x86_64-linux-gnu/libnss_files-2.19.so
7f652ffff000-7f6530000000 rw-p 0000b000 08:02 7868582                    /lib/x86_64-linux-gnu/libnss_files-2.19.so
7f6530000000-7f6530198000 rw-p 00000000 00:00 0 
7f6530198000-7f6534000000 ---p 00000000 00:00 0 
7f6534000000-7f6534002000 r--s 00007000 08:02 181757                     /usr/lib/jvm/java-8-oracle/jre/lib/jfxswt.jar
7f6534002000-7f6534007000 r--s 00083000 08:02 181744                     /usr/lib/jvm/java-8-oracle/jre/lib/jfr.jar
7f6534007000-7f6534011000 r--s 0006b000 08:02 179678                     /usr/lib/jvm/java-8-oracle/jre/lib/javaws.jar
7f6534011000-7f6534053000 rw-p 00000000 00:00 0 
7f6534053000-7f653405e000 r-xp 00000000 08:02 7868592                    /lib/x86_64-linux-gnu/libnss_nis-2.19.so
7f653405e000-7f653425d000 ---p 0000b000 08:02 7868592                    /lib/x86_64-linux-gnu/libnss_nis-2.19.so
7f653425d000-7f653425e000 r--p 0000a000 08:02 7868592                    /lib/x86_64-linux-gnu/libnss_nis-2.19.so
7f653425e000-7f653425f000 rw-p 0000b000 08:02 7868592                    /lib/x86_64-linux-gnu/libnss_nis-2.19.so
7f653425f000-7f6534276000 r-xp 00000000 08:02 7868576                    /lib/x86_64-linux-gnu/libnsl-2.19.so
7f6534276000-7f6534475000 ---p 00017000 08:02 7868576                    /lib/x86_64-linux-gnu/libnsl-2.19.so
7f6534475000-7f6534476000 r--p 00016000 08:02 7868576                    /lib/x86_64-linux-gnu/libnsl-2.19.so
7f6534476000-7f6534477000 rw-p 00017000 08:02 7868576                    /lib/x86_64-linux-gnu/libnsl-2.19.so
7f6534477000-7f6534479000 rw-p 00000000 00:00 0 
7f6534479000-7f6534482000 r-xp 00000000 08:02 7868578                    /lib/x86_64-linux-gnu/libnss_compat-2.19.so
7f6534482000-7f6534681000 ---p 00009000 08:02 7868578                    /lib/x86_64-linux-gnu/libnss_compat-2.19.so
7f6534681000-7f6534682000 r--p 00008000 08:02 7868578                    /lib/x86_64-linux-gnu/libnss_compat-2.19.so
7f6534682000-7f6534683000 rw-p 00009000 08:02 7868578                    /lib/x86_64-linux-gnu/libnss_compat-2.19.so
7f6534683000-7f65346ad000 r-xp 00000000 08:02 199641                     /usr/lib/jvm/java-8-oracle/jre/lib/amd64/libjava.so
7f65346ad000-7f65348ad000 ---p 0002a000 08:02 199641                     /usr/lib/jvm/java-8-oracle/jre/lib/amd64/libjava.so
7f65348ad000-7f65348af000 rw-p 0002a000 08:02 199641                     /usr/lib/jvm/java-8-oracle/jre/lib/amd64/libjava.so
7f65348af000-7f65348bc000 r-xp 00000000 08:02 197851                     /usr/lib/jvm/java-8-oracle/jre/lib/amd64/libverify.so
7f65348bc000-7f6534abc000 ---p 0000d000 08:02 197851                     /usr/lib/jvm/java-8-oracle/jre/lib/amd64/libverify.so
7f6534abc000-7f6534abe000 rw-p 0000d000 08:02 197851                     /usr/lib/jvm/java-8-oracle/jre/lib/amd64/libverify.so
7f6534abe000-7f6534ac5000 r-xp 00000000 08:02 7868635                    /lib/x86_64-linux-gnu/librt-2.19.so
7f6534ac5000-7f6534cc4000 ---p 00007000 08:02 7868635                    /lib/x86_64-linux-gnu/librt-2.19.so
7f6534cc4000-7f6534cc5000 r--p 00006000 08:02 7868635                    /lib/x86_64-linux-gnu/librt-2.19.so
7f6534cc5000-7f6534cc6000 rw-p 00007000 08:02 7868635                    /lib/x86_64-linux-gnu/librt-2.19.so
7f6534cc6000-7f6534dcb000 r-xp 00000000 08:02 7868557                    /lib/x86_64-linux-gnu/libm-2.19.so
7f6534dcb000-7f6534fca000 ---p 00105000 08:02 7868557                    /lib/x86_64-linux-gnu/libm-2.19.so
7f6534fca000-7f6534fcb000 r--p 00104000 08:02 7868557                    /lib/x86_64-linux-gnu/libm-2.19.so
7f6534fcb000-7f6534fcc000 rw-p 00105000 08:02 7868557                    /lib/x86_64-linux-gnu/libm-2.19.so
7f6534fcc000-7f6535c8a000 r-xp 00000000 08:02 199621                     /usr/lib/jvm/java-8-oracle/jre/lib/amd64/server/libjvm.so
7f6535c8a000-7f6535e89000 ---p 00cbe000 08:02 199621                     /usr/lib/jvm/java-8-oracle/jre/lib/amd64/server/libjvm.so
7f6535e89000-7f6535f61000 rw-p 00cbd000 08:02 199621                     /usr/lib/jvm/java-8-oracle/jre/lib/amd64/server/libjvm.so
7f6535f61000-7f6535fa6000 rw-p 00000000 00:00 0 
7f6535fa6000-7f6536161000 r-xp 00000000 08:02 7868507                    /lib/x86_64-linux-gnu/libc-2.19.so
7f6536161000-7f6536360000 ---p 001bb000 08:02 7868507                    /lib/x86_64-linux-gnu/libc-2.19.so
7f6536360000-7f6536364000 r--p 001ba000 08:02 7868507                    /lib/x86_64-linux-gnu/libc-2.19.so
7f6536364000-7f6536366000 rw-p 001be000 08:02 7868507                    /lib/x86_64-linux-gnu/libc-2.19.so
7f6536366000-7f653636b000 rw-p 00000000 00:00 0 
7f653636b000-7f653636e000 r-xp 00000000 08:02 7868524                    /lib/x86_64-linux-gnu/libdl-2.19.so
7f653636e000-7f653656d000 ---p 00003000 08:02 7868524                    /lib/x86_64-linux-gnu/libdl-2.19.so
7f653656d000-7f653656e000 r--p 00002000 08:02 7868524                    /lib/x86_64-linux-gnu/libdl-2.19.so
7f653656e000-7f653656f000 rw-p 00003000 08:02 7868524                    /lib/x86_64-linux-gnu/libdl-2.19.so
7f653656f000-7f6536584000 r-xp 00000000 08:02 215017                     /usr/lib/jvm/java-8-oracle/lib/amd64/jli/libjli.so
7f6536584000-7f6536784000 ---p 00015000 08:02 215017                     /usr/lib/jvm/java-8-oracle/lib/amd64/jli/libjli.so
7f6536784000-7f6536785000 rw-p 00015000 08:02 215017                     /usr/lib/jvm/java-8-oracle/lib/amd64/jli/libjli.so
7f6536785000-7f653679e000 r-xp 00000000 08:02 7868627                    /lib/x86_64-linux-gnu/libpthread-2.19.so
7f653679e000-7f653699d000 ---p 00019000 08:02 7868627                    /lib/x86_64-linux-gnu/libpthread-2.19.so
7f653699d000-7f653699e000 r--p 00018000 08:02 7868627                    /lib/x86_64-linux-gnu/libpthread-2.19.so
7f653699e000-7f653699f000 rw-p 00019000 08:02 7868627                    /lib/x86_64-linux-gnu/libpthread-2.19.so
7f653699f000-7f65369a3000 rw-p 00000000 00:00 0 
7f65369a3000-7f65369c6000 r-xp 00000000 08:02 7868483                    /lib/x86_64-linux-gnu/ld-2.19.so
7f65369c6000-7f65369c7000 rw-p 00000000 00:00 0 
7f65369c7000-7f65369c8000 r--s 00000000 08:02 181755                     /usr/lib/jvm/java-8-oracle/jre/lib/management-agent.jar
7f65369c8000-7f65369cc000 r--s 00095000 08:02 179356                     /usr/lib/jvm/java-8-oracle/jre/lib/jsse.jar
7f65369cc000-7f6536a9e000 rw-p 00000000 00:00 0 
7f6536a9e000-7f6536aa1000 ---p 00000000 00:00 0 
7f6536aa1000-7f6536ba3000 rw-p 00000000 00:00 0                          [stack:17468]
7f6536ba3000-7f6536ba6000 r--s 0001a000 08:02 179340                     /usr/lib/jvm/java-8-oracle/jre/lib/jce.jar
7f6536ba6000-7f6536bb9000 rw-p 00000000 00:00 0 
7f6536bb9000-7f6536bc1000 rw-s 00000000 08:02 14680268                   /tmp/hsperfdata_boris/17466
7f6536bc1000-7f6536bc2000 rw-p 00000000 00:00 0 
7f6536bc2000-7f6536bc3000 ---p 00000000 00:00 0 
7f6536bc3000-7f6536bc5000 rw-p 00000000 00:00 0 
7f6536bc5000-7f6536bc6000 r--p 00022000 08:02 7868483                    /lib/x86_64-linux-gnu/ld-2.19.so
7f6536bc6000-7f6536bc7000 rw-p 00023000 08:02 7868483                    /lib/x86_64-linux-gnu/ld-2.19.so
7f6536bc7000-7f6536bc8000 rw-p 00000000 00:00 0 
7ffcaf055000-7ffcaf077000 rw-p 00000000 00:00 0                          [stack]
7ffcaf169000-7ffcaf16b000 r--p 00000000 00:00 0                          [vvar]
7ffcaf16b000-7ffcaf16d000 r-xp 00000000 00:00 0                          [vdso]
ffffffffff600000-ffffffffff601000 r-xp 00000000 00:00 0                  [vsyscall]

VM Arguments:
jvm_args: -Didea.launcher.port=7536 -Didea.launcher.bin.path=/home/boris/Documents/idea-IU-141.1532.4/bin -Dfile.encoding=UTF-8 
java_command: com.intellij.rt.execution.application.AppMain Main
java_class_path (initial): /usr/lib/jvm/java-8-oracle/jre/lib/plugin.jar:/usr/lib/jvm/java-8-oracle/jre/lib/jce.jar:/usr/lib/jvm/java-8-oracle/jre/lib/jsse.jar:/usr/lib/jvm/java-8-oracle/jre/lib/deploy.jar:/usr/lib/jvm/java-8-oracle/jre/lib/javaws.jar:/usr/lib/jvm/java-8-oracle/jre/lib/rt.jar:/usr/lib/jvm/java-8-oracle/jre/lib/resources.jar:/usr/lib/jvm/java-8-oracle/jre/lib/jfr.jar:/usr/lib/jvm/java-8-oracle/jre/lib/management-agent.jar:/usr/lib/jvm/java-8-oracle/jre/lib/charsets.jar:/usr/lib/jvm/java-8-oracle/jre/lib/jfxswt.jar:/usr/lib/jvm/java-8-oracle/jre/lib/ext/jaccess.jar:/usr/lib/jvm/java-8-oracle/jre/lib/ext/zipfs.jar:/usr/lib/jvm/java-8-oracle/jre/lib/ext/nashorn.jar:/usr/lib/jvm/java-8-oracle/jre/lib/ext/sunjce_provider.jar:/usr/lib/jvm/java-8-oracle/jre/lib/ext/sunec.jar:/usr/lib/jvm/java-8-oracle/jre/lib/ext/dnsns.jar:/usr/lib/jvm/java-8-oracle/jre/lib/ext/sunpkcs11.jar:/usr/lib/jvm/java-8-oracle/jre/lib/ext/cldrdata.jar:/usr/lib/jvm/java-8-oracle/jre/lib/ext/jfxrt.jar:/usr/lib/jvm/java-8-oracle/jre/lib/ext/localedata.jar:/home/boris/IdeaProjects/language-model-task/target/classes:/home/boris/.m2/repository/org/htmlparser/htmlparser/2.1/htmlparser-2.1.jar:/home/boris/.m2/repository/org/htmlparser/htmllexer/2.1/htmllexer-2.1.jar:/home/boris/Documents/idea-IU-141.1532.4/lib/idea_rt.jar
Launcher Type: SUN_STANDARD

Environment Variables:
PATH=/home/boris/.rvm/gems/ruby-2.2.1/bin:/home/boris/.rvm/gems/ruby-2.2.1@global/bin:/home/boris/.rvm/rubies/ruby-2.2.1/bin:/usr/local/sbin:/usr/local/bin:/usr/sbin:/usr/bin:/sbin:/bin:/usr/games:/usr/local/games:/home/boris/.rvm/bin
LD_LIBRARY_PATH=/home/boris/Documents/idea-IU-141.1532.4/bin:
SHELL=/bin/bash
DISPLAY=:0

Signal Handlers:
SIGSEGV: [libjvm.so+0xaba070], sa_mask[0]=11111111011111111101111111111110, sa_flags=SA_RESTART|SA_SIGINFO
SIGBUS: [libjvm.so+0xaba070], sa_mask[0]=11111111011111111101111111111110, sa_flags=SA_RESTART|SA_SIGINFO
SIGFPE: [libjvm.so+0x917630], sa_mask[0]=11111111011111111101111111111110, sa_flags=SA_RESTART|SA_SIGINFO
SIGPIPE: [libjvm.so+0x917630], sa_mask[0]=11111111011111111101111111111110, sa_flags=SA_RESTART|SA_SIGINFO
SIGXFSZ: [libjvm.so+0x917630], sa_mask[0]=11111111011111111101111111111110, sa_flags=SA_RESTART|SA_SIGINFO
SIGILL: [libjvm.so+0x917630], sa_mask[0]=11111111011111111101111111111110, sa_flags=SA_RESTART|SA_SIGINFO
SIGUSR1: SIG_DFL, sa_mask[0]=00000000000000000000000000000000, sa_flags=none
SIGUSR2: [libjvm.so+0x918c60], sa_mask[0]=00100000000000000000000000000000, sa_flags=SA_RESTART|SA_SIGINFO
SIGHUP: [libjvm.so+0x91a060], sa_mask[0]=11111111011111111101111111111110, sa_flags=SA_RESTART|SA_SIGINFO
SIGINT: [libjvm.so+0x91a060], sa_mask[0]=11111111011111111101111111111110, sa_flags=SA_RESTART|SA_SIGINFO
SIGTERM: [libjvm.so+0x91a060], sa_mask[0]=11111111011111111101111111111110, sa_flags=SA_RESTART|SA_SIGINFO
SIGQUIT: [libjvm.so+0x91a060], sa_mask[0]=11111111011111111101111111111110, sa_flags=SA_RESTART|SA_SIGINFO


---------------  S Y S T E M  ---------------

OS:DISTRIB_ID=Ubuntu
DISTRIB_RELEASE=14.04
DISTRIB_CODENAME=trusty
DISTRIB_DESCRIPTION="Ubuntu 14.04.3 LTS"

uname:Linux 3.19.0-47-generic #53~14.04.1-Ubuntu SMP Mon Jan 18 16:09:14 UTC 2016 x86_64
libc:glibc 2.19 NPTL 2.19 
rlimit: STACK 8192k, CORE 0k, NPROC 15144, NOFILE 4096, AS infinity
load average:7,98 5,64 3,79

/proc/meminfo:
MemTotal:        3968404 kB
MemFree:          114156 kB
MemAvailable:      96844 kB
Buffers:             740 kB
Cached:           290604 kB
SwapCached:        11752 kB
Active:          2798708 kB
Inactive:         819208 kB
Active(anon):    2750656 kB
Inactive(anon):   772656 kB
Active(file):      48052 kB
Inactive(file):    46552 kB
Unevictable:         272 kB
Mlocked:             272 kB
SwapTotal:       4115452 kB
SwapFree:             64 kB
Dirty:               224 kB
Writeback:             0 kB
AnonPages:       3316624 kB
Mapped:           185272 kB
Shmem:            195980 kB
Slab:              85096 kB
SReclaimable:      39692 kB
SUnreclaim:        45404 kB
KernelStack:       14512 kB
PageTables:        74708 kB
NFS_Unstable:          0 kB
Bounce:                0 kB
WritebackTmp:          0 kB
CommitLimit:     6099652 kB
Committed_AS:   16408280 kB
VmallocTotal:   34359738367 kB
VmallocUsed:      569100 kB
VmallocChunk:   34359079200 kB
HardwareCorrupted:     0 kB
AnonHugePages:    923648 kB
CmaTotal:              0 kB
CmaFree:               0 kB
HugePages_Total:       0
HugePages_Free:        0
HugePages_Rsvd:        0
HugePages_Surp:        0
Hugepagesize:       2048 kB
DirectMap4k:      237312 kB
DirectMap2M:     3878912 kB
DirectMap1G:     1048576 kB


CPU:total 4 (2 cores per cpu, 2 threads per core) family 6 model 69 stepping 1, cmov, cx8, fxsr, mmx, sse, sse2, sse3, ssse3, sse4.1, sse4.2, popcnt, avx, avx2, aes, clmul, erms, lzcnt, ht, tsc, tscinvbit, bmi1, bmi2

/proc/cpuinfo:
processor	: 0
vendor_id	: GenuineIntel
cpu family	: 6
model		: 69
model name	: Intel(R) Core(TM) i3-4030U CPU @ 1.90GHz
stepping	: 1
microcode	: 0x17
cpu MHz		: 1883.375
cache size	: 3072 KB
physical id	: 0
siblings	: 4
core id		: 0
cpu cores	: 2
apicid		: 0
initial apicid	: 0
fpu		: yes
fpu_exception	: yes
cpuid level	: 13
wp		: yes
flags		: fpu vme de pse tsc msr pae mce cx8 apic sep mtrr pge mca cmov pat pse36 clflush dts acpi mmx fxsr sse sse2 ss ht tm pbe syscall nx pdpe1gb rdtscp lm constant_tsc arch_perfmon pebs bts rep_good nopl xtopology nonstop_tsc aperfmperf eagerfpu pni pclmulqdq dtes64 monitor ds_cpl vmx est tm2 ssse3 fma cx16 xtpr pdcm pcid sse4_1 sse4_2 x2apic movbe popcnt tsc_deadline_timer aes xsave avx f16c rdrand lahf_lm abm ida arat epb pln pts dtherm tpr_shadow vnmi flexpriority ept vpid fsgsbase tsc_adjust bmi1 avx2 smep bmi2 erms invpcid xsaveopt
bugs		:
bogomips	: 3791.31
clflush size	: 64
cache_alignment	: 64
address sizes	: 39 bits physical, 48 bits virtual
power management:

processor	: 1
vendor_id	: GenuineIntel
cpu family	: 6
model		: 69
model name	: Intel(R) Core(TM) i3-4030U CPU @ 1.90GHz
stepping	: 1
microcode	: 0x17
cpu MHz		: 1900.148
cache size	: 3072 KB
physical id	: 0
siblings	: 4
core id		: 0
cpu cores	: 2
apicid		: 1
initial apicid	: 1
fpu		: yes
fpu_exception	: yes
cpuid level	: 13
wp		: yes
flags		: fpu vme de pse tsc msr pae mce cx8 apic sep mtrr pge mca cmov pat pse36 clflush dts acpi mmx fxsr sse sse2 ss ht tm pbe syscall nx pdpe1gb rdtscp lm constant_tsc arch_perfmon pebs bts rep_good nopl xtopology nonstop_tsc aperfmperf eagerfpu pni pclmulqdq dtes64 monitor ds_cpl vmx est tm2 ssse3 fma cx16 xtpr pdcm pcid sse4_1 sse4_2 x2apic movbe popcnt tsc_deadline_timer aes xsave avx f16c rdrand lahf_lm abm ida arat epb pln pts dtherm tpr_shadow vnmi flexpriority ept vpid fsgsbase tsc_adjust bmi1 avx2 smep bmi2 erms invpcid xsaveopt
bugs		:
bogomips	: 3791.31
clflush size	: 64
cache_alignment	: 64
address sizes	: 39 bits physical, 48 bits virtual
power management:

processor	: 2
vendor_id	: GenuineIntel
cpu family	: 6
model		: 69
model name	: Intel(R) Core(TM) i3-4030U CPU @ 1.90GHz
stepping	: 1
microcode	: 0x17
cpu MHz		: 1897.402
cache size	: 3072 KB
physical id	: 0
siblings	: 4
core id		: 1
cpu cores	: 2
apicid		: 2
initial apicid	: 2
fpu		: yes
fpu_exception	: yes
cpuid level	: 13
wp		: yes
flags		: fpu vme de pse tsc msr pae mce cx8 apic sep mtrr pge mca cmov pat pse36 clflush dts acpi mmx fxsr sse sse2 ss ht tm pbe syscall nx pdpe1gb rdtscp lm constant_tsc arch_perfmon pebs bts rep_good nopl xtopology nonstop_tsc aperfmperf eagerfpu pni pclmulqdq dtes64 monitor ds_cpl vmx est tm2 ssse3 fma cx16 xtpr pdcm pcid sse4_1 sse4_2 x2apic movbe popcnt tsc_deadline_timer aes xsave avx f16c rdrand lahf_lm abm ida arat epb pln pts dtherm tpr_shadow vnmi flexpriority ept vpid fsgsbase tsc_adjust bmi1 avx2 smep bmi2 erms invpcid xsaveopt
bugs		:
bogomips	: 3791.31
clflush size	: 64
cache_alignment	: 64
address sizes	: 39 bits physical, 48 bits virtual
power management:

processor	: 3
vendor_id	: GenuineIntel
cpu family	: 6
model		: 69
model name	: Intel(R) Core(TM) i3-4030U CPU @ 1.90GHz
stepping	: 1
microcode	: 0x17
cpu MHz		: 1892.503
cache size	: 3072 KB
physical id	: 0
siblings	: 4
core id		: 1
cpu cores	: 2
apicid		: 3
initial apicid	: 3
fpu		: yes
fpu_exception	: yes
cpuid level	: 13
wp		: yes
flags		: fpu vme de pse tsc msr pae mce cx8 apic sep mtrr pge mca cmov pat pse36 clflush dts acpi mmx fxsr sse sse2 ss ht tm pbe syscall nx pdpe1gb rdtscp lm constant_tsc arch_perfmon pebs bts rep_good nopl xtopology nonstop_tsc aperfmperf eagerfpu pni pclmulqdq dtes64 monitor ds_cpl vmx est tm2 ssse3 fma cx16 xtpr pdcm pcid sse4_1 sse4_2 x2apic movbe popcnt tsc_deadline_timer aes xsave avx f16c rdrand lahf_lm abm ida arat epb pln pts dtherm tpr_shadow vnmi flexpriority ept vpid fsgsbase tsc_adjust bmi1 avx2 smep bmi2 erms invpcid xsaveopt
bugs		:
bogomips	: 3791.31
clflush size	: 64
cache_alignment	: 64
address sizes	: 39 bits physical, 48 bits virtual
power management:



Memory: 4k page, physical 3968404k(114156k free), swap 4115452k(64k free)

vm_info: Java HotSpot(TM) 64-Bit Server VM (25.60-b23) for linux-amd64 JRE (1.8.0_60-b27), built on Aug  4 2015 12:19:40 by "java_re" with gcc 4.3.0 20080428 (Red Hat 4.3.0-8)

time: Tue Mar 29 21:36:47 2016
elapsed time: 31 seconds (0d 0h 0m 31s)

